<?xml version="1.0" encoding="UTF-8"?>
<!-- Generated by org.testng.reporters.JUnitXMLReporter -->
<testsuite hostname="DESKTOP-11TB789" failures="1" tests="1" name="Default test" time="10.359" errors="0" timestamp="7 Sep 2023 10:44:36 GMT">
  <testcase classname="com.hrms.testscripts.TC001" name="tc001" time="10.306">
    <failure type="java.lang.StackOverflowError">
      <![CDATA[java.lang.StackOverflowError
	at com.hrms.utilities.Log.info(Log.java:9)
	at com.hrms.utilities.Log.info(Log.java:9)
	at com.hrms.utilities.Log.info(Log.java:9)
	at com.hrms.utilities.Log.info(Log.java:9)
	at com.hrms.utilities.Log.info(Log.java:9)
	at com.hrms.utilities.Log.info(Log.java:9)
	at com.hrms.utilities.Log.info(Log.java:9)
	at com.hrms.utilities.Log.info(Log.java:9)
	at com.hrms.utilities.Log.info(Log.java:9)
	at com.hrms.utilities.Log.info(Log.java:9)
	at com.hrms.utilities.Log.info(Log.java:9)
	at com.hrms.utilities.Log.info(Log.java:9)
	at com.hrms.utilities.Log.info(Log.java:9)
	at com.hrms.utilities.Log.info(Log.java:9)
	at com.hrms.utilities.Log.info(Log.java:9)
	at com.hrms.utilities.Log.info(Log.java:9)
	at com.hrms.utilities.Log.info(Log.java:9)
	at com.hrms.utilities.Log.info(Log.java:9)
	at com.hrms.utilities.Log.info(Log.java:9)
	at com.hrms.utilities.Log.info(Log.java:9)
	at com.hrms.utilities.Log.info(Log.java:9)
	at com.hrms.utilities.Log.info(Log.java:9)
	at com.hrms.utilities.Log.info(Log.java:9)
	at com.hrms.utilities.Log.info(Log.java:9)
	at com.hrms.utilities.Log.info(Log.java:9)
	at com.hrms.utilities.Log.info(Log.java:9)
	at com.hrms.utilities.Log.info(Log.java:9)
	at com.hrms.utilities.Log.info(Log.java:9)
	at com.hrms.utilities.Log.info(Log.java:9)
	at com.hrms.utilities.Log.info(Log.java:9)
	at com.hrms.utilities.Log.info(Log.java:9)
	at com.hrms.utilities.Log.info(Log.java:9)
	at com.hrms.utilities.Log.info(Log.java:9)
	at com.hrms.utilities.Log.info(Log.java:9)
	at com.hrms.utilities.Log.info(Log.java:9)
	at com.hrms.utilities.Log.info(Log.java:9)
	at com.hrms.utilities.Log.info(Log.java:9)
	at com.hrms.utilities.Log.info(Log.java:9)
	at com.hrms.utilities.Log.info(Log.java:9)
	at com.hrms.utilities.Log.info(Log.java:9)
	at com.hrms.utilities.Log.info(Log.java:9)
	at com.hrms.utilities.Log.info(Log.java:9)
	at com.hrms.utilities.Log.info(Log.java:9)
	at com.hrms.utilities.Log.info(Log.java:9)
	at com.hrms.utilities.Log.info(Log.java:9)
	at com.hrms.utilities.Log.info(Log.java:9)
	at com.hrms.utilities.Log.info(Log.java:9)
	at com.hrms.utilities.Log.info(Log.java:9)
	at com.hrms.utilities.Log.info(Log.java:9)
	at com.hrms.utilities.Log.info(Log.java:9)
	at com.hrms.utilities.Log.info(Log.java:9)
	at com.hrms.utilities.Log.info(Log.java:9)
	at com.hrms.utilities.Log.info(Log.java:9)
	at com.hrms.utilities.Log.info(Log.java:9)
	at com.hrms.utilities.Log.info(Log.java:9)
	at com.hrms.utilities.Log.info(Log.java:9)
	at com.hrms.utilities.Log.info(Log.java:9)
	at com.hrms.utilities.Log.info(Log.java:9)
	at com.hrms.utilities.Log.info(Log.java:9)
	at com.hrms.utilities.Log.info(Log.java:9)
	at com.hrms.utilities.Log.info(Log.java:9)
	at com.hrms.utilities.Log.info(Log.java:9)
	at com.hrms.utilities.Log.info(Log.java:9)
	at com.hrms.utilities.Log.info(Log.java:9)
	at com.hrms.utilities.Log.info(Log.java:9)
	at com.hrms.utilities.Log.info(Log.java:9)
	at com.hrms.utilities.Log.info(Log.java:9)
	at com.hrms.utilities.Log.info(Log.java:9)
	at com.hrms.utilities.Log.info(Log.java:9)
	at com.hrms.utilities.Log.info(Log.java:9)
	at com.hrms.utilities.Log.info(Log.java:9)
	at com.hrms.utilities.Log.info(Log.java:9)
	at com.hrms.utilities.Log.info(Log.java:9)
	at com.hrms.utilities.Log.info(Log.java:9)
	at com.hrms.utilities.Log.info(Log.java:9)
	at com.hrms.utilities.Log.info(Log.java:9)
	at com.hrms.utilities.Log.info(Log.java:9)
	at com.hrms.utilities.Log.info(Log.java:9)
	at com.hrms.utilities.Log.info(Log.java:9)
	at com.hrms.utilities.Log.info(Log.java:9)
	at com.hrms.utilities.Log.info(Log.java:9)
	at com.hrms.utilities.Log.info(Log.java:9)
	at com.hrms.utilities.Log.info(Log.java:9)
	at com.hrms.utilities.Log.info(Log.java:9)
	at com.hrms.utilities.Log.info(Log.java:9)
	at com.hrms.utilities.Log.info(Log.java:9)
	at com.hrms.utilities.Log.info(Log.java:9)
	at com.hrms.utilities.Log.info(Log.java:9)
	at com.hrms.utilities.Log.info(Log.java:9)
	at com.hrms.utilities.Log.info(Log.java:9)
	at com.hrms.utilities.Log.info(Log.java:9)
	at com.hrms.utilities.Log.info(Log.java:9)
	at com.hrms.utilities.Log.info(Log.java:9)
	at com.hrms.utilities.Log.info(Log.java:9)
	at com.hrms.utilities.Log.info(Log.java:9)
	at com.hrms.utilities.Log.info(Log.java:9)
	at com.hrms.utilities.Log.info(Log.java:9)
	at com.hrms.utilities.Log.info(Log.java:9)
	at com.hrms.utilities.Log.info(Log.java:9)
	at com.hrms.utilities.Log.info(Log.java:9)
	at com.hrms.utilities.Log.info(Log.java:9)
	at com.hrms.utilities.Log.info(Log.java:9)
	at com.hrms.utilities.Log.info(Log.java:9)
	at com.hrms.utilities.Log.info(Log.java:9)
	at com.hrms.utilities.Log.info(Log.java:9)
	at com.hrms.utilities.Log.info(Log.java:9)
	at com.hrms.utilities.Log.info(Log.java:9)
	at com.hrms.utilities.Log.info(Log.java:9)
	at com.hrms.utilities.Log.info(Log.java:9)
	at com.hrms.utilities.Log.info(Log.java:9)
	at com.hrms.utilities.Log.info(Log.java:9)
	at com.hrms.utilities.Log.info(Log.java:9)
	at com.hrms.utilities.Log.info(Log.java:9)
	at com.hrms.utilities.Log.info(Log.java:9)
	at com.hrms.utilities.Log.info(Log.java:9)
	at com.hrms.utilities.Log.info(Log.java:9)
	at com.hrms.utilities.Log.info(Log.java:9)
	at com.hrms.utilities.Log.info(Log.java:9)
	at com.hrms.utilities.Log.info(Log.java:9)
	at com.hrms.utilities.Log.info(Log.java:9)
	at com.hrms.utilities.Log.info(Log.java:9)
	at com.hrms.utilities.Log.info(Log.java:9)
	at com.hrms.utilities.Log.info(Log.java:9)
	at com.hrms.utilities.Log.info(Log.java:9)
	at com.hrms.utilities.Log.info(Log.java:9)
	at com.hrms.utilities.Log.info(Log.java:9)
	at com.hrms.utilities.Log.info(Log.java:9)
	at com.hrms.utilities.Log.info(Log.java:9)
	at com.hrms.utilities.Log.info(Log.java:9)
	at com.hrms.utilities.Log.info(Log.java:9)
	at com.hrms.utilities.Log.info(Log.java:9)
	at com.hrms.utilities.Log.info(Log.java:9)
	at com.hrms.utilities.Log.info(Log.java:9)
	at com.hrms.utilities.Log.info(Log.java:9)
	at com.hrms.utilities.Log.info(Log.java:9)
	at com.hrms.utilities.Log.info(Log.java:9)
	at com.hrms.utilities.Log.info(Log.java:9)
	at com.hrms.utilities.Log.info(Log.java:9)
	at com.hrms.utilities.Log.info(Log.java:9)
	at com.hrms.utilities.Log.info(Log.java:9)
	at com.hrms.utilities.Log.info(Log.java:9)
	at com.hrms.utilities.Log.info(Log.java:9)
	at com.hrms.utilities.Log.info(Log.java:9)
	at com.hrms.utilities.Log.info(Log.java:9)
	at com.hrms.utilities.Log.info(Log.java:9)
	at com.hrms.utilities.Log.info(Log.java:9)
	at com.hrms.utilities.Log.info(Log.java:9)
	at com.hrms.utilities.Log.info(Log.java:9)
	at com.hrms.utilities.Log.info(Log.java:9)
	at com.hrms.utilities.Log.info(Log.java:9)
	at com.hrms.utilities.Log.info(Log.java:9)
	at com.hrms.utilities.Log.info(Log.java:9)
	at com.hrms.utilities.Log.info(Log.java:9)
	at com.hrms.utilities.Log.info(Log.java:9)
	at com.hrms.utilities.Log.info(Log.java:9)
	at com.hrms.utilities.Log.info(Log.java:9)
	at com.hrms.utilities.Log.info(Log.java:9)
	at com.hrms.utilities.Log.info(Log.java:9)
	at com.hrms.utilities.Log.info(Log.java:9)
	at com.hrms.utilities.Log.info(Log.java:9)
	at com.hrms.utilities.Log.info(Log.java:9)
	at com.hrms.utilities.Log.info(Log.java:9)
	at com.hrms.utilities.Log.info(Log.java:9)
	at com.hrms.utilities.Log.info(Log.java:9)
	at com.hrms.utilities.Log.info(Log.java:9)
	at com.hrms.utilities.Log.info(Log.java:9)
	at com.hrms.utilities.Log.info(Log.java:9)
	at com.hrms.utilities.Log.info(Log.java:9)
	at com.hrms.utilities.Log.info(Log.java:9)
	at com.hrms.utilities.Log.info(Log.java:9)
	at com.hrms.utilities.Log.info(Log.java:9)
	at com.hrms.utilities.Log.info(Log.java:9)
	at com.hrms.utilities.Log.info(Log.java:9)
	at com.hrms.utilities.Log.info(Log.java:9)
	at com.hrms.utilities.Log.info(Log.java:9)
	at com.hrms.utilities.Log.info(Log.java:9)
	at com.hrms.utilities.Log.info(Log.java:9)
	at com.hrms.utilities.Log.info(Log.java:9)
	at com.hrms.utilities.Log.info(Log.java:9)
	at com.hrms.utilities.Log.info(Log.java:9)
	at com.hrms.utilities.Log.info(Log.java:9)
	at com.hrms.utilities.Log.info(Log.java:9)
	at com.hrms.utilities.Log.info(Log.java:9)
	at com.hrms.utilities.Log.info(Log.java:9)
	at com.hrms.utilities.Log.info(Log.java:9)
	at com.hrms.utilities.Log.info(Log.java:9)
	at com.hrms.utilities.Log.info(Log.java:9)
	at com.hrms.utilities.Log.info(Log.java:9)
	at com.hrms.utilities.Log.info(Log.java:9)
	at com.hrms.utilities.Log.info(Log.java:9)
	at com.hrms.utilities.Log.info(Log.java:9)
	at com.hrms.utilities.Log.info(Log.java:9)
	at com.hrms.utilities.Log.info(Log.java:9)
	at com.hrms.utilities.Log.info(Log.java:9)
	at com.hrms.utilities.Log.info(Log.java:9)
	at com.hrms.utilities.Log.info(Log.java:9)
	at com.hrms.utilities.Log.info(Log.java:9)
	at com.hrms.utilities.Log.info(Log.java:9)
	at com.hrms.utilities.Log.info(Log.java:9)
	at com.hrms.utilities.Log.info(Log.java:9)
	at com.hrms.utilities.Log.info(Log.java:9)
	at com.hrms.utilities.Log.info(Log.java:9)
	at com.hrms.utilities.Log.info(Log.java:9)
	at com.hrms.utilities.Log.info(Log.java:9)
	at com.hrms.utilities.Log.info(Log.java:9)
	at com.hrms.utilities.Log.info(Log.java:9)
	at com.hrms.utilities.Log.info(Log.java:9)
	at com.hrms.utilities.Log.info(Log.java:9)
	at com.hrms.utilities.Log.info(Log.java:9)
	at com.hrms.utilities.Log.info(Log.java:9)
	at com.hrms.utilities.Log.info(Log.java:9)
	at com.hrms.utilities.Log.info(Log.java:9)
	at com.hrms.utilities.Log.info(Log.java:9)
	at com.hrms.utilities.Log.info(Log.java:9)
	at com.hrms.utilities.Log.info(Log.java:9)
	at com.hrms.utilities.Log.info(Log.java:9)
	at com.hrms.utilities.Log.info(Log.java:9)
	at com.hrms.utilities.Log.info(Log.java:9)
	at com.hrms.utilities.Log.info(Log.java:9)
	at com.hrms.utilities.Log.info(Log.java:9)
	at com.hrms.utilities.Log.info(Log.java:9)
	at com.hrms.utilities.Log.info(Log.java:9)
	at com.hrms.utilities.Log.info(Log.java:9)
	at com.hrms.utilities.Log.info(Log.java:9)
	at com.hrms.utilities.Log.info(Log.java:9)
	at com.hrms.utilities.Log.info(Log.java:9)
	at com.hrms.utilities.Log.info(Log.java:9)
	at com.hrms.utilities.Log.info(Log.java:9)
	at com.hrms.utilities.Log.info(Log.java:9)
	at com.hrms.utilities.Log.info(Log.java:9)
	at com.hrms.utilities.Log.info(Log.java:9)
	at com.hrms.utilities.Log.info(Log.java:9)
	at com.hrms.utilities.Log.info(Log.java:9)
	at com.hrms.utilities.Log.info(Log.java:9)
	at com.hrms.utilities.Log.info(Log.java:9)
	at com.hrms.utilities.Log.info(Log.java:9)
	at com.hrms.utilities.Log.info(Log.java:9)
	at com.hrms.utilities.Log.info(Log.java:9)
	at com.hrms.utilities.Log.info(Log.java:9)
	at com.hrms.utilities.Log.info(Log.java:9)
	at com.hrms.utilities.Log.info(Log.java:9)
	at com.hrms.utilities.Log.info(Log.java:9)
	at com.hrms.utilities.Log.info(Log.java:9)
	at com.hrms.utilities.Log.info(Log.java:9)
	at com.hrms.utilities.Log.info(Log.java:9)
	at com.hrms.utilities.Log.info(Log.java:9)
	at com.hrms.utilities.Log.info(Log.java:9)
	at com.hrms.utilities.Log.info(Log.java:9)
	at com.hrms.utilities.Log.info(Log.java:9)
	at com.hrms.utilities.Log.info(Log.java:9)
	at com.hrms.utilities.Log.info(Log.java:9)
	at com.hrms.utilities.Log.info(Log.java:9)
	at com.hrms.utilities.Log.info(Log.java:9)
	at com.hrms.utilities.Log.info(Log.java:9)
	at com.hrms.utilities.Log.info(Log.java:9)
	at com.hrms.utilities.Log.info(Log.java:9)
	at com.hrms.utilities.Log.info(Log.java:9)
	at com.hrms.utilities.Log.info(Log.java:9)
	at com.hrms.utilities.Log.info(Log.java:9)
	at com.hrms.utilities.Log.info(Log.java:9)
	at com.hrms.utilities.Log.info(Log.java:9)
	at com.hrms.utilities.Log.info(Log.java:9)
	at com.hrms.utilities.Log.info(Log.java:9)
	at com.hrms.utilities.Log.info(Log.java:9)
	at com.hrms.utilities.Log.info(Log.java:9)
	at com.hrms.utilities.Log.info(Log.java:9)
	at com.hrms.utilities.Log.info(Log.java:9)
	at com.hrms.utilities.Log.info(Log.java:9)
	at com.hrms.utilities.Log.info(Log.java:9)
	at com.hrms.utilities.Log.info(Log.java:9)
	at com.hrms.utilities.Log.info(Log.java:9)
	at com.hrms.utilities.Log.info(Log.java:9)
	at com.hrms.utilities.Log.info(Log.java:9)
	at com.hrms.utilities.Log.info(Log.java:9)
	at com.hrms.utilities.Log.info(Log.java:9)
	at com.hrms.utilities.Log.info(Log.java:9)
	at com.hrms.utilities.Log.info(Log.java:9)
	at com.hrms.utilities.Log.info(Log.java:9)
	at com.hrms.utilities.Log.info(Log.java:9)
	at com.hrms.utilities.Log.info(Log.java:9)
	at com.hrms.utilities.Log.info(Log.java:9)
	at com.hrms.utilities.Log.info(Log.java:9)
	at com.hrms.utilities.Log.info(Log.java:9)
	at com.hrms.utilities.Log.info(Log.java:9)
	at com.hrms.utilities.Log.info(Log.java:9)
	at com.hrms.utilities.Log.info(Log.java:9)
	at com.hrms.utilities.Log.info(Log.java:9)
	at com.hrms.utilities.Log.info(Log.java:9)
	at com.hrms.utilities.Log.info(Log.java:9)
	at com.hrms.utilities.Log.info(Log.java:9)
	at com.hrms.utilities.Log.info(Log.java:9)
	at com.hrms.utilities.Log.info(Log.java:9)
	at com.hrms.utilities.Log.info(Log.java:9)
	at com.hrms.utilities.Log.info(Log.java:9)
	at com.hrms.utilities.Log.info(Log.java:9)
	at com.hrms.utilities.Log.info(Log.java:9)
	at com.hrms.utilities.Log.info(Log.java:9)
	at com.hrms.utilities.Log.info(Log.java:9)
	at com.hrms.utilities.Log.info(Log.java:9)
	at com.hrms.utilities.Log.info(Log.java:9)
	at com.hrms.utilities.Log.info(Log.java:9)
	at com.hrms.utilities.Log.info(Log.java:9)
	at com.hrms.utilities.Log.info(Log.java:9)
	at com.hrms.utilities.Log.info(Log.java:9)
	at com.hrms.utilities.Log.info(Log.java:9)
	at com.hrms.utilities.Log.info(Log.java:9)
	at com.hrms.utilities.Log.info(Log.java:9)
	at com.hrms.utilities.Log.info(Log.java:9)
	at com.hrms.utilities.Log.info(Log.java:9)
	at com.hrms.utilities.Log.info(Log.java:9)
	at com.hrms.utilities.Log.info(Log.java:9)
	at com.hrms.utilities.Log.info(Log.java:9)
	at com.hrms.utilities.Log.info(Log.java:9)
	at com.hrms.utilities.Log.info(Log.java:9)
	at com.hrms.utilities.Log.info(Log.java:9)
	at com.hrms.utilities.Log.info(Log.java:9)
	at com.hrms.utilities.Log.info(Log.java:9)
	at com.hrms.utilities.Log.info(Log.java:9)
	at com.hrms.utilities.Log.info(Log.java:9)
	at com.hrms.utilities.Log.info(Log.java:9)
	at com.hrms.utilities.Log.info(Log.java:9)
	at com.hrms.utilities.Log.info(Log.java:9)
	at com.hrms.utilities.Log.info(Log.java:9)
	at com.hrms.utilities.Log.info(Log.java:9)
	at com.hrms.utilities.Log.info(Log.java:9)
	at com.hrms.utilities.Log.info(Log.java:9)
	at com.hrms.utilities.Log.info(Log.java:9)
	at com.hrms.utilities.Log.info(Log.java:9)
	at com.hrms.utilities.Log.info(Log.java:9)
	at com.hrms.utilities.Log.info(Log.java:9)
	at com.hrms.utilities.Log.info(Log.java:9)
	at com.hrms.utilities.Log.info(Log.java:9)
	at com.hrms.utilities.Log.info(Log.java:9)
	at com.hrms.utilities.Log.info(Log.java:9)
	at com.hrms.utilities.Log.info(Log.java:9)
	at com.hrms.utilities.Log.info(Log.java:9)
	at com.hrms.utilities.Log.info(Log.java:9)
	at com.hrms.utilities.Log.info(Log.java:9)
	at com.hrms.utilities.Log.info(Log.java:9)
	at com.hrms.utilities.Log.info(Log.java:9)
	at com.hrms.utilities.Log.info(Log.java:9)
	at com.hrms.utilities.Log.info(Log.java:9)
	at com.hrms.utilities.Log.info(Log.java:9)
	at com.hrms.utilities.Log.info(Log.java:9)
	at com.hrms.utilities.Log.info(Log.java:9)
	at com.hrms.utilities.Log.info(Log.java:9)
	at com.hrms.utilities.Log.info(Log.java:9)
	at com.hrms.utilities.Log.info(Log.java:9)
	at com.hrms.utilities.Log.info(Log.java:9)
	at com.hrms.utilities.Log.info(Log.java:9)
	at com.hrms.utilities.Log.info(Log.java:9)
	at com.hrms.utilities.Log.info(Log.java:9)
	at com.hrms.utilities.Log.info(Log.java:9)
	at com.hrms.utilities.Log.info(Log.java:9)
	at com.hrms.utilities.Log.info(Log.java:9)
	at com.hrms.utilities.Log.info(Log.java:9)
	at com.hrms.utilities.Log.info(Log.java:9)
	at com.hrms.utilities.Log.info(Log.java:9)
	at com.hrms.utilities.Log.info(Log.java:9)
	at com.hrms.utilities.Log.info(Log.java:9)
	at com.hrms.utilities.Log.info(Log.java:9)
	at com.hrms.utilities.Log.info(Log.java:9)
	at com.hrms.utilities.Log.info(Log.java:9)
	at com.hrms.utilities.Log.info(Log.java:9)
	at com.hrms.utilities.Log.info(Log.java:9)
	at com.hrms.utilities.Log.info(Log.java:9)
	at com.hrms.utilities.Log.info(Log.java:9)
	at com.hrms.utilities.Log.info(Log.java:9)
	at com.hrms.utilities.Log.info(Log.java:9)
	at com.hrms.utilities.Log.info(Log.java:9)
	at com.hrms.utilities.Log.info(Log.java:9)
	at com.hrms.utilities.Log.info(Log.java:9)
	at com.hrms.utilities.Log.info(Log.java:9)
	at com.hrms.utilities.Log.info(Log.java:9)
	at com.hrms.utilities.Log.info(Log.java:9)
	at com.hrms.utilities.Log.info(Log.java:9)
	at com.hrms.utilities.Log.info(Log.java:9)
	at com.hrms.utilities.Log.info(Log.java:9)
	at com.hrms.utilities.Log.info(Log.java:9)
	at com.hrms.utilities.Log.info(Log.java:9)
	at com.hrms.utilities.Log.info(Log.java:9)
	at com.hrms.utilities.Log.info(Log.java:9)
	at com.hrms.utilities.Log.info(Log.java:9)
	at com.hrms.utilities.Log.info(Log.java:9)
	at com.hrms.utilities.Log.info(Log.java:9)
	at com.hrms.utilities.Log.info(Log.java:9)
	at com.hrms.utilities.Log.info(Log.java:9)
	at com.hrms.utilities.Log.info(Log.java:9)
	at com.hrms.utilities.Log.info(Log.java:9)
	at com.hrms.utilities.Log.info(Log.java:9)
	at com.hrms.utilities.Log.info(Log.java:9)
	at com.hrms.utilities.Log.info(Log.java:9)
	at com.hrms.utilities.Log.info(Log.java:9)
	at com.hrms.utilities.Log.info(Log.java:9)
	at com.hrms.utilities.Log.info(Log.java:9)
	at com.hrms.utilities.Log.info(Log.java:9)
	at com.hrms.utilities.Log.info(Log.java:9)
	at com.hrms.utilities.Log.info(Log.java:9)
	at com.hrms.utilities.Log.info(Log.java:9)
	at com.hrms.utilities.Log.info(Log.java:9)
	at com.hrms.utilities.Log.info(Log.java:9)
	at com.hrms.utilities.Log.info(Log.java:9)
	at com.hrms.utilities.Log.info(Log.java:9)
	at com.hrms.utilities.Log.info(Log.java:9)
	at com.hrms.utilities.Log.info(Log.java:9)
	at com.hrms.utilities.Log.info(Log.java:9)
	at com.hrms.utilities.Log.info(Log.java:9)
	at com.hrms.utilities.Log.info(Log.java:9)
	at com.hrms.utilities.Log.info(Log.java:9)
	at com.hrms.utilities.Log.info(Log.java:9)
	at com.hrms.utilities.Log.info(Log.java:9)
	at com.hrms.utilities.Log.info(Log.java:9)
	at com.hrms.utilities.Log.info(Log.java:9)
	at com.hrms.utilities.Log.info(Log.java:9)
	at com.hrms.utilities.Log.info(Log.java:9)
	at com.hrms.utilities.Log.info(Log.java:9)
	at com.hrms.utilities.Log.info(Log.java:9)
	at com.hrms.utilities.Log.info(Log.java:9)
	at com.hrms.utilities.Log.info(Log.java:9)
	at com.hrms.utilities.Log.info(Log.java:9)
	at com.hrms.utilities.Log.info(Log.java:9)
	at com.hrms.utilities.Log.info(Log.java:9)
	at com.hrms.utilities.Log.info(Log.java:9)
	at com.hrms.utilities.Log.info(Log.java:9)
	at com.hrms.utilities.Log.info(Log.java:9)
	at com.hrms.utilities.Log.info(Log.java:9)
	at com.hrms.utilities.Log.info(Log.java:9)
	at com.hrms.utilities.Log.info(Log.java:9)
	at com.hrms.utilities.Log.info(Log.java:9)
	at com.hrms.utilities.Log.info(Log.java:9)
	at com.hrms.utilities.Log.info(Log.java:9)
	at com.hrms.utilities.Log.info(Log.java:9)
	at com.hrms.utilities.Log.info(Log.java:9)
	at com.hrms.utilities.Log.info(Log.java:9)
	at com.hrms.utilities.Log.info(Log.java:9)
	at com.hrms.utilities.Log.info(Log.java:9)
	at com.hrms.utilities.Log.info(Log.java:9)
	at com.hrms.utilities.Log.info(Log.java:9)
	at com.hrms.utilities.Log.info(Log.java:9)
	at com.hrms.utilities.Log.info(Log.java:9)
	at com.hrms.utilities.Log.info(Log.java:9)
	at com.hrms.utilities.Log.info(Log.java:9)
	at com.hrms.utilities.Log.info(Log.java:9)
	at com.hrms.utilities.Log.info(Log.java:9)
	at com.hrms.utilities.Log.info(Log.java:9)
	at com.hrms.utilities.Log.info(Log.java:9)
	at com.hrms.utilities.Log.info(Log.java:9)
	at com.hrms.utilities.Log.info(Log.java:9)
	at com.hrms.utilities.Log.info(Log.java:9)
	at com.hrms.utilities.Log.info(Log.java:9)
	at com.hrms.utilities.Log.info(Log.java:9)
	at com.hrms.utilities.Log.info(Log.java:9)
	at com.hrms.utilities.Log.info(Log.java:9)
	at com.hrms.utilities.Log.info(Log.java:9)
	at com.hrms.utilities.Log.info(Log.java:9)
	at com.hrms.utilities.Log.info(Log.java:9)
	at com.hrms.utilities.Log.info(Log.java:9)
	at com.hrms.utilities.Log.info(Log.java:9)
	at com.hrms.utilities.Log.info(Log.java:9)
	at com.hrms.utilities.Log.info(Log.java:9)
	at com.hrms.utilities.Log.info(Log.java:9)
	at com.hrms.utilities.Log.info(Log.java:9)
	at com.hrms.utilities.Log.info(Log.java:9)
	at com.hrms.utilities.Log.info(Log.java:9)
	at com.hrms.utilities.Log.info(Log.java:9)
	at com.hrms.utilities.Log.info(Log.java:9)
	at com.hrms.utilities.Log.info(Log.java:9)
	at com.hrms.utilities.Log.info(Log.java:9)
	at com.hrms.utilities.Log.info(Log.java:9)
	at com.hrms.utilities.Log.info(Log.java:9)
	at com.hrms.utilities.Log.info(Log.java:9)
	at com.hrms.utilities.Log.info(Log.java:9)
	at com.hrms.utilities.Log.info(Log.java:9)
	at com.hrms.utilities.Log.info(Log.java:9)
	at com.hrms.utilities.Log.info(Log.java:9)
	at com.hrms.utilities.Log.info(Log.java:9)
	at com.hrms.utilities.Log.info(Log.java:9)
	at com.hrms.utilities.Log.info(Log.java:9)
	at com.hrms.utilities.Log.info(Log.java:9)
	at com.hrms.utilities.Log.info(Log.java:9)
	at com.hrms.utilities.Log.info(Log.java:9)
	at com.hrms.utilities.Log.info(Log.java:9)
	at com.hrms.utilities.Log.info(Log.java:9)
	at com.hrms.utilities.Log.info(Log.java:9)
	at com.hrms.utilities.Log.info(Log.java:9)
	at com.hrms.utilities.Log.info(Log.java:9)
	at com.hrms.utilities.Log.info(Log.java:9)
	at com.hrms.utilities.Log.info(Log.java:9)
	at com.hrms.utilities.Log.info(Log.java:9)
	at com.hrms.utilities.Log.info(Log.java:9)
	at com.hrms.utilities.Log.info(Log.java:9)
	at com.hrms.utilities.Log.info(Log.java:9)
	at com.hrms.utilities.Log.info(Log.java:9)
	at com.hrms.utilities.Log.info(Log.java:9)
	at com.hrms.utilities.Log.info(Log.java:9)
	at com.hrms.utilities.Log.info(Log.java:9)
	at com.hrms.utilities.Log.info(Log.java:9)
	at com.hrms.utilities.Log.info(Log.java:9)
	at com.hrms.utilities.Log.info(Log.java:9)
	at com.hrms.utilities.Log.info(Log.java:9)
	at com.hrms.utilities.Log.info(Log.java:9)
	at com.hrms.utilities.Log.info(Log.java:9)
	at com.hrms.utilities.Log.info(Log.java:9)
	at com.hrms.utilities.Log.info(Log.java:9)
	at com.hrms.utilities.Log.info(Log.java:9)
	at com.hrms.utilities.Log.info(Log.java:9)
	at com.hrms.utilities.Log.info(Log.java:9)
	at com.hrms.utilities.Log.info(Log.java:9)
	at com.hrms.utilities.Log.info(Log.java:9)
	at com.hrms.utilities.Log.info(Log.java:9)
	at com.hrms.utilities.Log.info(Log.java:9)
	at com.hrms.utilities.Log.info(Log.java:9)
	at com.hrms.utilities.Log.info(Log.java:9)
	at com.hrms.utilities.Log.info(Log.java:9)
	at com.hrms.utilities.Log.info(Log.java:9)
	at com.hrms.utilities.Log.info(Log.java:9)
	at com.hrms.utilities.Log.info(Log.java:9)
	at com.hrms.utilities.Log.info(Log.java:9)
	at com.hrms.utilities.Log.info(Log.java:9)
	at com.hrms.utilities.Log.info(Log.java:9)
	at com.hrms.utilities.Log.info(Log.java:9)
	at com.hrms.utilities.Log.info(Log.java:9)
	at com.hrms.utilities.Log.info(Log.java:9)
	at com.hrms.utilities.Log.info(Log.java:9)
	at com.hrms.utilities.Log.info(Log.java:9)
	at com.hrms.utilities.Log.info(Log.java:9)
	at com.hrms.utilities.Log.info(Log.java:9)
	at com.hrms.utilities.Log.info(Log.java:9)
	at com.hrms.utilities.Log.info(Log.java:9)
	at com.hrms.utilities.Log.info(Log.java:9)
	at com.hrms.utilities.Log.info(Log.java:9)
	at com.hrms.utilities.Log.info(Log.java:9)
	at com.hrms.utilities.Log.info(Log.java:9)
	at com.hrms.utilities.Log.info(Log.java:9)
	at com.hrms.utilities.Log.info(Log.java:9)
	at com.hrms.utilities.Log.info(Log.java:9)
	at com.hrms.utilities.Log.info(Log.java:9)
	at com.hrms.utilities.Log.info(Log.java:9)
	at com.hrms.utilities.Log.info(Log.java:9)
	at com.hrms.utilities.Log.info(Log.java:9)
	at com.hrms.utilities.Log.info(Log.java:9)
	at com.hrms.utilities.Log.info(Log.java:9)
	at com.hrms.utilities.Log.info(Log.java:9)
	at com.hrms.utilities.Log.info(Log.java:9)
	at com.hrms.utilities.Log.info(Log.java:9)
	at com.hrms.utilities.Log.info(Log.java:9)
	at com.hrms.utilities.Log.info(Log.java:9)
	at com.hrms.utilities.Log.info(Log.java:9)
	at com.hrms.utilities.Log.info(Log.java:9)
	at com.hrms.utilities.Log.info(Log.java:9)
	at com.hrms.utilities.Log.info(Log.java:9)
	at com.hrms.utilities.Log.info(Log.java:9)
	at com.hrms.utilities.Log.info(Log.java:9)
	at com.hrms.utilities.Log.info(Log.java:9)
	at com.hrms.utilities.Log.info(Log.java:9)
	at com.hrms.utilities.Log.info(Log.java:9)
	at com.hrms.utilities.Log.info(Log.java:9)
	at com.hrms.utilities.Log.info(Log.java:9)
	at com.hrms.utilities.Log.info(Log.java:9)
	at com.hrms.utilities.Log.info(Log.java:9)
	at com.hrms.utilities.Log.info(Log.java:9)
	at com.hrms.utilities.Log.info(Log.java:9)
	at com.hrms.utilities.Log.info(Log.java:9)
	at com.hrms.utilities.Log.info(Log.java:9)
	at com.hrms.utilities.Log.info(Log.java:9)
	at com.hrms.utilities.Log.info(Log.java:9)
	at com.hrms.utilities.Log.info(Log.java:9)
	at com.hrms.utilities.Log.info(Log.java:9)
	at com.hrms.utilities.Log.info(Log.java:9)
	at com.hrms.utilities.Log.info(Log.java:9)
	at com.hrms.utilities.Log.info(Log.java:9)
	at com.hrms.utilities.Log.info(Log.java:9)
	at com.hrms.utilities.Log.info(Log.java:9)
	at com.hrms.utilities.Log.info(Log.java:9)
	at com.hrms.utilities.Log.info(Log.java:9)
	at com.hrms.utilities.Log.info(Log.java:9)
	at com.hrms.utilities.Log.info(Log.java:9)
	at com.hrms.utilities.Log.info(Log.java:9)
	at com.hrms.utilities.Log.info(Log.java:9)
	at com.hrms.utilities.Log.info(Log.java:9)
	at com.hrms.utilities.Log.info(Log.java:9)
	at com.hrms.utilities.Log.info(Log.java:9)
	at com.hrms.utilities.Log.info(Log.java:9)
	at com.hrms.utilities.Log.info(Log.java:9)
	at com.hrms.utilities.Log.info(Log.java:9)
	at com.hrms.utilities.Log.info(Log.java:9)
	at com.hrms.utilities.Log.info(Log.java:9)
	at com.hrms.utilities.Log.info(Log.java:9)
	at com.hrms.utilities.Log.info(Log.java:9)
	at com.hrms.utilities.Log.info(Log.java:9)
	at com.hrms.utilities.Log.info(Log.java:9)
	at com.hrms.utilities.Log.info(Log.java:9)
	at com.hrms.utilities.Log.info(Log.java:9)
	at com.hrms.utilities.Log.info(Log.java:9)
	at com.hrms.utilities.Log.info(Log.java:9)
	at com.hrms.utilities.Log.info(Log.java:9)
	at com.hrms.utilities.Log.info(Log.java:9)
	at com.hrms.utilities.Log.info(Log.java:9)
	at com.hrms.utilities.Log.info(Log.java:9)
	at com.hrms.utilities.Log.info(Log.java:9)
	at com.hrms.utilities.Log.info(Log.java:9)
	at com.hrms.utilities.Log.info(Log.java:9)
	at com.hrms.utilities.Log.info(Log.java:9)
	at com.hrms.utilities.Log.info(Log.java:9)
	at com.hrms.utilities.Log.info(Log.java:9)
	at com.hrms.utilities.Log.info(Log.java:9)
	at com.hrms.utilities.Log.info(Log.java:9)
	at com.hrms.utilities.Log.info(Log.java:9)
	at com.hrms.utilities.Log.info(Log.java:9)
	at com.hrms.utilities.Log.info(Log.java:9)
	at com.hrms.utilities.Log.info(Log.java:9)
	at com.hrms.utilities.Log.info(Log.java:9)
	at com.hrms.utilities.Log.info(Log.java:9)
	at com.hrms.utilities.Log.info(Log.java:9)
	at com.hrms.utilities.Log.info(Log.java:9)
	at com.hrms.utilities.Log.info(Log.java:9)
	at com.hrms.utilities.Log.info(Log.java:9)
	at com.hrms.utilities.Log.info(Log.java:9)
	at com.hrms.utilities.Log.info(Log.java:9)
	at com.hrms.utilities.Log.info(Log.java:9)
	at com.hrms.utilities.Log.info(Log.java:9)
	at com.hrms.utilities.Log.info(Log.java:9)
	at com.hrms.utilities.Log.info(Log.java:9)
	at com.hrms.utilities.Log.info(Log.java:9)
	at com.hrms.utilities.Log.info(Log.java:9)
	at com.hrms.utilities.Log.info(Log.java:9)
	at com.hrms.utilities.Log.info(Log.java:9)
	at com.hrms.utilities.Log.info(Log.java:9)
	at com.hrms.utilities.Log.info(Log.java:9)
	at com.hrms.utilities.Log.info(Log.java:9)
	at com.hrms.utilities.Log.info(Log.java:9)
	at com.hrms.utilities.Log.info(Log.java:9)
	at com.hrms.utilities.Log.info(Log.java:9)
	at com.hrms.utilities.Log.info(Log.java:9)
	at com.hrms.utilities.Log.info(Log.java:9)
	at com.hrms.utilities.Log.info(Log.java:9)
	at com.hrms.utilities.Log.info(Log.java:9)
	at com.hrms.utilities.Log.info(Log.java:9)
	at com.hrms.utilities.Log.info(Log.java:9)
	at com.hrms.utilities.Log.info(Log.java:9)
	at com.hrms.utilities.Log.info(Log.java:9)
	at com.hrms.utilities.Log.info(Log.java:9)
	at com.hrms.utilities.Log.info(Log.java:9)
	at com.hrms.utilities.Log.info(Log.java:9)
	at com.hrms.utilities.Log.info(Log.java:9)
	at com.hrms.utilities.Log.info(Log.java:9)
	at com.hrms.utilities.Log.info(Log.java:9)
	at com.hrms.utilities.Log.info(Log.java:9)
	at com.hrms.utilities.Log.info(Log.java:9)
	at com.hrms.utilities.Log.info(Log.java:9)
	at com.hrms.utilities.Log.info(Log.java:9)
	at com.hrms.utilities.Log.info(Log.java:9)
	at com.hrms.utilities.Log.info(Log.java:9)
	at com.hrms.utilities.Log.info(Log.java:9)
	at com.hrms.utilities.Log.info(Log.java:9)
	at com.hrms.utilities.Log.info(Log.java:9)
	at com.hrms.utilities.Log.info(Log.java:9)
	at com.hrms.utilities.Log.info(Log.java:9)
	at com.hrms.utilities.Log.info(Log.java:9)
	at com.hrms.utilities.Log.info(Log.java:9)
	at com.hrms.utilities.Log.info(Log.java:9)
	at com.hrms.utilities.Log.info(Log.java:9)
	at com.hrms.utilities.Log.info(Log.java:9)
	at com.hrms.utilities.Log.info(Log.java:9)
	at com.hrms.utilities.Log.info(Log.java:9)
	at com.hrms.utilities.Log.info(Log.java:9)
	at com.hrms.utilities.Log.info(Log.java:9)
	at com.hrms.utilities.Log.info(Log.java:9)
	at com.hrms.utilities.Log.info(Log.java:9)
	at com.hrms.utilities.Log.info(Log.java:9)
	at com.hrms.utilities.Log.info(Log.java:9)
	at com.hrms.utilities.Log.info(Log.java:9)
	at com.hrms.utilities.Log.info(Log.java:9)
	at com.hrms.utilities.Log.info(Log.java:9)
	at com.hrms.utilities.Log.info(Log.java:9)
	at com.hrms.utilities.Log.info(Log.java:9)
	at com.hrms.utilities.Log.info(Log.java:9)
	at com.hrms.utilities.Log.info(Log.java:9)
	at com.hrms.utilities.Log.info(Log.java:9)
	at com.hrms.utilities.Log.info(Log.java:9)
	at com.hrms.utilities.Log.info(Log.java:9)
	at com.hrms.utilities.Log.info(Log.java:9)
	at com.hrms.utilities.Log.info(Log.java:9)
	at com.hrms.utilities.Log.info(Log.java:9)
	at com.hrms.utilities.Log.info(Log.java:9)
	at com.hrms.utilities.Log.info(Log.java:9)
	at com.hrms.utilities.Log.info(Log.java:9)
	at com.hrms.utilities.Log.info(Log.java:9)
	at com.hrms.utilities.Log.info(Log.java:9)
	at com.hrms.utilities.Log.info(Log.java:9)
	at com.hrms.utilities.Log.info(Log.java:9)
	at com.hrms.utilities.Log.info(Log.java:9)
	at com.hrms.utilities.Log.info(Log.java:9)
	at com.hrms.utilities.Log.info(Log.java:9)
	at com.hrms.utilities.Log.info(Log.java:9)
	at com.hrms.utilities.Log.info(Log.java:9)
	at com.hrms.utilities.Log.info(Log.java:9)
	at com.hrms.utilities.Log.info(Log.java:9)
	at com.hrms.utilities.Log.info(Log.java:9)
	at com.hrms.utilities.Log.info(Log.java:9)
	at com.hrms.utilities.Log.info(Log.java:9)
	at com.hrms.utilities.Log.info(Log.java:9)
	at com.hrms.utilities.Log.info(Log.java:9)
	at com.hrms.utilities.Log.info(Log.java:9)
	at com.hrms.utilities.Log.info(Log.java:9)
	at com.hrms.utilities.Log.info(Log.java:9)
	at com.hrms.utilities.Log.info(Log.java:9)
	at com.hrms.utilities.Log.info(Log.java:9)
	at com.hrms.utilities.Log.info(Log.java:9)
	at com.hrms.utilities.Log.info(Log.java:9)
	at com.hrms.utilities.Log.info(Log.java:9)
	at com.hrms.utilities.Log.info(Log.java:9)
	at com.hrms.utilities.Log.info(Log.java:9)
	at com.hrms.utilities.Log.info(Log.java:9)
	at com.hrms.utilities.Log.info(Log.java:9)
	at com.hrms.utilities.Log.info(Log.java:9)
	at com.hrms.utilities.Log.info(Log.java:9)
	at com.hrms.utilities.Log.info(Log.java:9)
	at com.hrms.utilities.Log.info(Log.java:9)
	at com.hrms.utilities.Log.info(Log.java:9)
	at com.hrms.utilities.Log.info(Log.java:9)
	at com.hrms.utilities.Log.info(Log.java:9)
	at com.hrms.utilities.Log.info(Log.java:9)
	at com.hrms.utilities.Log.info(Log.java:9)
	at com.hrms.utilities.Log.info(Log.java:9)
	at com.hrms.utilities.Log.info(Log.java:9)
	at com.hrms.utilities.Log.info(Log.java:9)
	at com.hrms.utilities.Log.info(Log.java:9)
	at com.hrms.utilities.Log.info(Log.java:9)
	at com.hrms.utilities.Log.info(Log.java:9)
	at com.hrms.utilities.Log.info(Log.java:9)
	at com.hrms.utilities.Log.info(Log.java:9)
	at com.hrms.utilities.Log.info(Log.java:9)
	at com.hrms.utilities.Log.info(Log.java:9)
	at com.hrms.utilities.Log.info(Log.java:9)
	at com.hrms.utilities.Log.info(Log.java:9)
	at com.hrms.utilities.Log.info(Log.java:9)
	at com.hrms.utilities.Log.info(Log.java:9)
	at com.hrms.utilities.Log.info(Log.java:9)
	at com.hrms.utilities.Log.info(Log.java:9)
	at com.hrms.utilities.Log.info(Log.java:9)
	at com.hrms.utilities.Log.info(Log.java:9)
	at com.hrms.utilities.Log.info(Log.java:9)
	at com.hrms.utilities.Log.info(Log.java:9)
	at com.hrms.utilities.Log.info(Log.java:9)
	at com.hrms.utilities.Log.info(Log.java:9)
	at com.hrms.utilities.Log.info(Log.java:9)
	at com.hrms.utilities.Log.info(Log.java:9)
	at com.hrms.utilities.Log.info(Log.java:9)
	at com.hrms.utilities.Log.info(Log.java:9)
	at com.hrms.utilities.Log.info(Log.java:9)
	at com.hrms.utilities.Log.info(Log.java:9)
	at com.hrms.utilities.Log.info(Log.java:9)
	at com.hrms.utilities.Log.info(Log.java:9)
	at com.hrms.utilities.Log.info(Log.java:9)
	at com.hrms.utilities.Log.info(Log.java:9)
	at com.hrms.utilities.Log.info(Log.java:9)
	at com.hrms.utilities.Log.info(Log.java:9)
	at com.hrms.utilities.Log.info(Log.java:9)
	at com.hrms.utilities.Log.info(Log.java:9)
	at com.hrms.utilities.Log.info(Log.java:9)
	at com.hrms.utilities.Log.info(Log.java:9)
	at com.hrms.utilities.Log.info(Log.java:9)
	at com.hrms.utilities.Log.info(Log.java:9)
	at com.hrms.utilities.Log.info(Log.java:9)
	at com.hrms.utilities.Log.info(Log.java:9)
	at com.hrms.utilities.Log.info(Log.java:9)
	at com.hrms.utilities.Log.info(Log.java:9)
	at com.hrms.utilities.Log.info(Log.java:9)
	at com.hrms.utilities.Log.info(Log.java:9)
	at com.hrms.utilities.Log.info(Log.java:9)
	at com.hrms.utilities.Log.info(Log.java:9)
	at com.hrms.utilities.Log.info(Log.java:9)
	at com.hrms.utilities.Log.info(Log.java:9)
	at com.hrms.utilities.Log.info(Log.java:9)
	at com.hrms.utilities.Log.info(Log.java:9)
	at com.hrms.utilities.Log.info(Log.java:9)
	at com.hrms.utilities.Log.info(Log.java:9)
	at com.hrms.utilities.Log.info(Log.java:9)
	at com.hrms.utilities.Log.info(Log.java:9)
	at com.hrms.utilities.Log.info(Log.java:9)
	at com.hrms.utilities.Log.info(Log.java:9)
	at com.hrms.utilities.Log.info(Log.java:9)
	at com.hrms.utilities.Log.info(Log.java:9)
	at com.hrms.utilities.Log.info(Log.java:9)
	at com.hrms.utilities.Log.info(Log.java:9)
	at com.hrms.utilities.Log.info(Log.java:9)
	at com.hrms.utilities.Log.info(Log.java:9)
	at com.hrms.utilities.Log.info(Log.java:9)
	at com.hrms.utilities.Log.info(Log.java:9)
	at com.hrms.utilities.Log.info(Log.java:9)
	at com.hrms.utilities.Log.info(Log.java:9)
	at com.hrms.utilities.Log.info(Log.java:9)
	at com.hrms.utilities.Log.info(Log.java:9)
	at com.hrms.utilities.Log.info(Log.java:9)
	at com.hrms.utilities.Log.info(Log.java:9)
	at com.hrms.utilities.Log.info(Log.java:9)
	at com.hrms.utilities.Log.info(Log.java:9)
	at com.hrms.utilities.Log.info(Log.java:9)
	at com.hrms.utilities.Log.info(Log.java:9)
	at com.hrms.utilities.Log.info(Log.java:9)
	at com.hrms.utilities.Log.info(Log.java:9)
	at com.hrms.utilities.Log.info(Log.java:9)
	at com.hrms.utilities.Log.info(Log.java:9)
	at com.hrms.utilities.Log.info(Log.java:9)
	at com.hrms.utilities.Log.info(Log.java:9)
	at com.hrms.utilities.Log.info(Log.java:9)
	at com.hrms.utilities.Log.info(Log.java:9)
	at com.hrms.utilities.Log.info(Log.java:9)
	at com.hrms.utilities.Log.info(Log.java:9)
	at com.hrms.utilities.Log.info(Log.java:9)
	at com.hrms.utilities.Log.info(Log.java:9)
	at com.hrms.utilities.Log.info(Log.java:9)
	at com.hrms.utilities.Log.info(Log.java:9)
	at com.hrms.utilities.Log.info(Log.java:9)
	at com.hrms.utilities.Log.info(Log.java:9)
	at com.hrms.utilities.Log.info(Log.java:9)
	at com.hrms.utilities.Log.info(Log.java:9)
	at com.hrms.utilities.Log.info(Log.java:9)
	at com.hrms.utilities.Log.info(Log.java:9)
	at com.hrms.utilities.Log.info(Log.java:9)
	at com.hrms.utilities.Log.info(Log.java:9)
	at com.hrms.utilities.Log.info(Log.java:9)
	at com.hrms.utilities.Log.info(Log.java:9)
	at com.hrms.utilities.Log.info(Log.java:9)
	at com.hrms.utilities.Log.info(Log.java:9)
	at com.hrms.utilities.Log.info(Log.java:9)
	at com.hrms.utilities.Log.info(Log.java:9)
	at com.hrms.utilities.Log.info(Log.java:9)
	at com.hrms.utilities.Log.info(Log.java:9)
	at com.hrms.utilities.Log.info(Log.java:9)
	at com.hrms.utilities.Log.info(Log.java:9)
	at com.hrms.utilities.Log.info(Log.java:9)
	at com.hrms.utilities.Log.info(Log.java:9)
	at com.hrms.utilities.Log.info(Log.java:9)
	at com.hrms.utilities.Log.info(Log.java:9)
	at com.hrms.utilities.Log.info(Log.java:9)
	at com.hrms.utilities.Log.info(Log.java:9)
	at com.hrms.utilities.Log.info(Log.java:9)
	at com.hrms.utilities.Log.info(Log.java:9)
	at com.hrms.utilities.Log.info(Log.java:9)
	at com.hrms.utilities.Log.info(Log.java:9)
	at com.hrms.utilities.Log.info(Log.java:9)
	at com.hrms.utilities.Log.info(Log.java:9)
	at com.hrms.utilities.Log.info(Log.java:9)
	at com.hrms.utilities.Log.info(Log.java:9)
	at com.hrms.utilities.Log.info(Log.java:9)
	at com.hrms.utilities.Log.info(Log.java:9)
	at com.hrms.utilities.Log.info(Log.java:9)
	at com.hrms.utilities.Log.info(Log.java:9)
	at com.hrms.utilities.Log.info(Log.java:9)
	at com.hrms.utilities.Log.info(Log.java:9)
	at com.hrms.utilities.Log.info(Log.java:9)
	at com.hrms.utilities.Log.info(Log.java:9)
	at com.hrms.utilities.Log.info(Log.java:9)
	at com.hrms.utilities.Log.info(Log.java:9)
	at com.hrms.utilities.Log.info(Log.java:9)
	at com.hrms.utilities.Log.info(Log.java:9)
	at com.hrms.utilities.Log.info(Log.java:9)
	at com.hrms.utilities.Log.info(Log.java:9)
	at com.hrms.utilities.Log.info(Log.java:9)
	at com.hrms.utilities.Log.info(Log.java:9)
	at com.hrms.utilities.Log.info(Log.java:9)
	at com.hrms.utilities.Log.info(Log.java:9)
	at com.hrms.utilities.Log.info(Log.java:9)
	at com.hrms.utilities.Log.info(Log.java:9)
	at com.hrms.utilities.Log.info(Log.java:9)
	at com.hrms.utilities.Log.info(Log.java:9)
	at com.hrms.utilities.Log.info(Log.java:9)
	at com.hrms.utilities.Log.info(Log.java:9)
	at com.hrms.utilities.Log.info(Log.java:9)
	at com.hrms.utilities.Log.info(Log.java:9)
	at com.hrms.utilities.Log.info(Log.java:9)
	at com.hrms.utilities.Log.info(Log.java:9)
	at com.hrms.utilities.Log.info(Log.java:9)
	at com.hrms.utilities.Log.info(Log.java:9)
	at com.hrms.utilities.Log.info(Log.java:9)
	at com.hrms.utilities.Log.info(Log.java:9)
	at com.hrms.utilities.Log.info(Log.java:9)
	at com.hrms.utilities.Log.info(Log.java:9)
	at com.hrms.utilities.Log.info(Log.java:9)
	at com.hrms.utilities.Log.info(Log.java:9)
	at com.hrms.utilities.Log.info(Log.java:9)
	at com.hrms.utilities.Log.info(Log.java:9)
	at com.hrms.utilities.Log.info(Log.java:9)
	at com.hrms.utilities.Log.info(Log.java:9)
	at com.hrms.utilities.Log.info(Log.java:9)
	at com.hrms.utilities.Log.info(Log.java:9)
	at com.hrms.utilities.Log.info(Log.java:9)
	at com.hrms.utilities.Log.info(Log.java:9)
	at com.hrms.utilities.Log.info(Log.java:9)
	at com.hrms.utilities.Log.info(Log.java:9)
	at com.hrms.utilities.Log.info(Log.java:9)
	at com.hrms.utilities.Log.info(Log.java:9)
	at com.hrms.utilities.Log.info(Log.java:9)
	at com.hrms.utilities.Log.info(Log.java:9)
	at com.hrms.utilities.Log.info(Log.java:9)
	at com.hrms.utilities.Log.info(Log.java:9)
	at com.hrms.utilities.Log.info(Log.java:9)
	at com.hrms.utilities.Log.info(Log.java:9)
	at com.hrms.utilities.Log.info(Log.java:9)
	at com.hrms.utilities.Log.info(Log.java:9)
	at com.hrms.utilities.Log.info(Log.java:9)
	at com.hrms.utilities.Log.info(Log.java:9)
	at com.hrms.utilities.Log.info(Log.java:9)
	at com.hrms.utilities.Log.info(Log.java:9)
	at com.hrms.utilities.Log.info(Log.java:9)
	at com.hrms.utilities.Log.info(Log.java:9)
	at com.hrms.utilities.Log.info(Log.java:9)
	at com.hrms.utilities.Log.info(Log.java:9)
	at com.hrms.utilities.Log.info(Log.java:9)
	at com.hrms.utilities.Log.info(Log.java:9)
	at com.hrms.utilities.Log.info(Log.java:9)
	at com.hrms.utilities.Log.info(Log.java:9)
	at com.hrms.utilities.Log.info(Log.java:9)
	at com.hrms.utilities.Log.info(Log.java:9)
	at com.hrms.utilities.Log.info(Log.java:9)
	at com.hrms.utilities.Log.info(Log.java:9)
	at com.hrms.utilities.Log.info(Log.java:9)
	at com.hrms.utilities.Log.info(Log.java:9)
	at com.hrms.utilities.Log.info(Log.java:9)
	at com.hrms.utilities.Log.info(Log.java:9)
	at com.hrms.utilities.Log.info(Log.java:9)
	at com.hrms.utilities.Log.info(Log.java:9)
	at com.hrms.utilities.Log.info(Log.java:9)
	at com.hrms.utilities.Log.info(Log.java:9)
	at com.hrms.utilities.Log.info(Log.java:9)
	at com.hrms.utilities.Log.info(Log.java:9)
	at com.hrms.utilities.Log.info(Log.java:9)
	at com.hrms.utilities.Log.info(Log.java:9)
	at com.hrms.utilities.Log.info(Log.java:9)
	at com.hrms.utilities.Log.info(Log.java:9)
	at com.hrms.utilities.Log.info(Log.java:9)
	at com.hrms.utilities.Log.info(Log.java:9)
	at com.hrms.utilities.Log.info(Log.java:9)
	at com.hrms.utilities.Log.info(Log.java:9)
	at com.hrms.utilities.Log.info(Log.java:9)
	at com.hrms.utilities.Log.info(Log.java:9)
	at com.hrms.utilities.Log.info(Log.java:9)
	at com.hrms.utilities.Log.info(Log.java:9)
	at com.hrms.utilities.Log.info(Log.java:9)
	at com.hrms.utilities.Log.info(Log.java:9)
	at com.hrms.utilities.Log.info(Log.java:9)
	at com.hrms.utilities.Log.info(Log.java:9)
	at com.hrms.utilities.Log.info(Log.java:9)
	at com.hrms.utilities.Log.info(Log.java:9)
	at com.hrms.utilities.Log.info(Log.java:9)
	at com.hrms.utilities.Log.info(Log.java:9)
	at com.hrms.utilities.Log.info(Log.java:9)
	at com.hrms.utilities.Log.info(Log.java:9)
	at com.hrms.utilities.Log.info(Log.java:9)
	at com.hrms.utilities.Log.info(Log.java:9)
	at com.hrms.utilities.Log.info(Log.java:9)
	at com.hrms.utilities.Log.info(Log.java:9)
	at com.hrms.utilities.Log.info(Log.java:9)
	at com.hrms.utilities.Log.info(Log.java:9)
	at com.hrms.utilities.Log.info(Log.java:9)
	at com.hrms.utilities.Log.info(Log.java:9)
	at com.hrms.utilities.Log.info(Log.java:9)
	at com.hrms.utilities.Log.info(Log.java:9)
	at com.hrms.utilities.Log.info(Log.java:9)
	at com.hrms.utilities.Log.info(Log.java:9)
	at com.hrms.utilities.Log.info(Log.java:9)
	at com.hrms.utilities.Log.info(Log.java:9)
	at com.hrms.utilities.Log.info(Log.java:9)
	at com.hrms.utilities.Log.info(Log.java:9)
	at com.hrms.utilities.Log.info(Log.java:9)
	at com.hrms.utilities.Log.info(Log.java:9)
	at com.hrms.utilities.Log.info(Log.java:9)
	at com.hrms.utilities.Log.info(Log.java:9)
	at com.hrms.utilities.Log.info(Log.java:9)
	at com.hrms.utilities.Log.info(Log.java:9)
	at com.hrms.utilities.Log.info(Log.java:9)
	at com.hrms.utilities.Log.info(Log.java:9)
	at com.hrms.utilities.Log.info(Log.java:9)
	at com.hrms.utilities.Log.info(Log.java:9)
	at com.hrms.utilities.Log.info(Log.java:9)
	at com.hrms.utilities.Log.info(Log.java:9)
	at com.hrms.utilities.Log.info(Log.java:9)
	at com.hrms.utilities.Log.info(Log.java:9)
	at com.hrms.utilities.Log.info(Log.java:9)
	at com.hrms.utilities.Log.info(Log.java:9)
	at com.hrms.utilities.Log.info(Log.java:9)
	at com.hrms.utilities.Log.info(Log.java:9)
	at com.hrms.utilities.Log.info(Log.java:9)
	at com.hrms.utilities.Log.info(Log.java:9)
	at com.hrms.utilities.Log.info(Log.java:9)
	at com.hrms.utilities.Log.info(Log.java:9)
	at com.hrms.utilities.Log.info(Log.java:9)
	at com.hrms.utilities.Log.info(Log.java:9)
	at com.hrms.utilities.Log.info(Log.java:9)
	at com.hrms.utilities.Log.info(Log.java:9)
	at com.hrms.utilities.Log.info(Log.java:9)
	at com.hrms.utilities.Log.info(Log.java:9)
	at com.hrms.utilities.Log.info(Log.java:9)
	at com.hrms.utilities.Log.info(Log.java:9)
	at com.hrms.utilities.Log.info(Log.java:9)
	at com.hrms.utilities.Log.info(Log.java:9)
	at com.hrms.utilities.Log.info(Log.java:9)
	at com.hrms.utilities.Log.info(Log.java:9)
	at com.hrms.utilities.Log.info(Log.java:9)
	at com.hrms.utilities.Log.info(Log.java:9)
	at com.hrms.utilities.Log.info(Log.java:9)
	at com.hrms.utilities.Log.info(Log.java:9)
	at com.hrms.utilities.Log.info(Log.java:9)
	at com.hrms.utilities.Log.info(Log.java:9)
	at com.hrms.utilities.Log.info(Log.java:9)
	at com.hrms.utilities.Log.info(Log.java:9)
	at com.hrms.utilities.Log.info(Log.java:9)
	at com.hrms.utilities.Log.info(Log.java:9)
	at com.hrms.utilities.Log.info(Log.java:9)
	at com.hrms.utilities.Log.info(Log.java:9)
	at com.hrms.utilities.Log.info(Log.java:9)
	at com.hrms.utilities.Log.info(Log.java:9)
	at com.hrms.utilities.Log.info(Log.java:9)
	at com.hrms.utilities.Log.info(Log.java:9)
	at com.hrms.utilities.Log.info(Log.java:9)
	at com.hrms.utilities.Log.info(Log.java:9)
	at com.hrms.utilities.Log.info(Log.java:9)
	at com.hrms.utilities.Log.info(Log.java:9)
	at com.hrms.utilities.Log.info(Log.java:9)
	at com.hrms.utilities.Log.info(Log.java:9)
	at com.hrms.utilities.Log.info(Log.java:9)
	at com.hrms.utilities.Log.info(Log.java:9)
]]>
    </failure>
  </testcase> <!-- tc001 -->
</testsuite> <!-- Default test -->
