<?xml version="1.0" encoding="UTF-8"?>
<testng-results total="2" passed="2" failed="0" skipped="0">
  <reporter-output>
  </reporter-output>
  <suite started-at="2023-09-07T10:47:50Z" name="Suite" finished-at="2023-09-07T10:49:00Z" duration-ms="70638">
    <groups>
    </groups>
    <test started-at="2023-09-07T10:47:50Z" name="Test" finished-at="2023-09-07T10:49:00Z" duration-ms="70638">
      <class name="com.hrms.testscripts.TC001">
        <test-method signature="tc001()[pri:0, instance:com.hrms.testscripts.TC001@74ea2410]" started-at="2023-09-07T16:17:50Z" name="tc001" finished-at="2023-09-07T16:18:20Z" duration-ms="30251" status="PASS">
          <reporter-output>
          </reporter-output>
        </test-method> <!-- tc001 -->
      </class> <!-- com.hrms.testscripts.TC001 -->
      <class name="com.hrms.testscripts.TC002">
        <test-method signature="tc002()[pri:0, instance:com.hrms.testscripts.TC002@3e27ba32]" started-at="2023-09-07T16:18:20Z" name="tc002" finished-at="2023-09-07T16:19:00Z" duration-ms="40356" status="PASS">
          <reporter-output>
          </reporter-output>
        </test-method> <!-- tc002 -->
      </class> <!-- com.hrms.testscripts.TC002 -->
    </test> <!-- Test -->
  </suite> <!-- Suite -->
</testng-results>
